<?xml version="1.0" encoding="UTF-8"?>
<!-- Generated by org.testng.reporters.JUnitXMLReporter -->
<testsuite ignored="0" hostname="SIXNS266" failures="0" tests="1" name="Surefire test" time="0.087" errors="0" timestamp="2022-03-31T16:11:18 CEST">
  <testcase classname="rahulshettyacademy.DemoTest" name="@BeforeTest setup" time="0.052">
    <failure type="java.lang.IllegalStateException" message="The driver executable must exist: C:\chromedriver.exe">
      <![CDATA[java.lang.IllegalStateException: The driver executable must exist: C:\chromedriver.exe
at org.openqa.selenium.internal.Require$FileStateChecker.isFile(Require.java:342)
at org.openqa.selenium.remote.service.DriverService.checkExecutable(DriverService.java:147)
at org.openqa.selenium.remote.service.DriverService.findExecutable(DriverService.java:142)
at org.openqa.selenium.chrome.ChromeDriverService.access$000(ChromeDriverService.java:38)
at org.openqa.selenium.chrome.ChromeDriverService$Builder.findDefaultExecutable(ChromeDriverService.java:231)
at org.openqa.selenium.remote.service.DriverService$Builder.build(DriverService.java:437)
at org.openqa.selenium.chrome.ChromeDriverService.createDefaultService(ChromeDriverService.java:127)
at org.openqa.selenium.chrome.ChromeDriver.<init>(ChromeDriver.java:48)
at rahulshettyacademy.BaseTest.initializeDriver(BaseTest.java:20)
at rahulshettyacademy.DemoTest.setup(DemoTest.java:22)
... Removed 29 stack frames]]>
    </failure>
  </testcase> <!-- @BeforeTest setup -->
  <testcase classname="rahulshettyacademy.DemoTest" name="@AfterTest tearDown" time="0.0">
    <skipped/>
  </testcase> <!-- @AfterTest tearDown -->
  <testcase classname="rahulshettyacademy.DemoTest" name="flightTest" time="0.0">
    <skipped/>
  </testcase> <!-- flightTest -->
</testsuite> <!-- Surefire test -->
